<?xml version="1.0" encoding="UTF-8"?>
<testsuite xmlns:xsi="http://www.w3.org/2001/XMLSchema-instance" xsi:noNamespaceSchemaLocation="https://maven.apache.org/surefire/maven-surefire-plugin/xsd/surefire-test-report-3.0.xsd" version="3.0" name="org.example.EmployeeTest" time="0.023" tests="3" errors="0" skipped="0" failures="0">
  <properties>
[...]
</properties>
  <testcase name="testAnalyzeReportingLines" classname="org.example.EmployeeTest" time="0.013"/>
  <testcase name="testReadCSV" classname="org.example.EmployeeTest" time="0.001"/>
  <testcase name="testAnalyzeSalaries" classname="org.example.EmployeeTest" time="0.001"/>
</testsuite>